# JRE version: OpenJDK Runtime Environment Temurin-21.0.6+7 (21.0.6+7) (build 21.0.6+7-LTS)
# Java VM: OpenJDK 64-Bit Server VM Temurin-21.0.6+7 (21.0.6+7-LTS, mixed mode, sharing, tiered, compressed oops, compressed class ptrs, parallel gc, windows-amd64)
GC Precious Log:
 CardTable entry size: 512
 CPUs: 8 total, 8 available
 Memory: 15807M
 Large Page Support: Disabled
 NUMA Support: Disabled
 Compressed Oops: Enabled (32-bit)
 Alignments: Space 512K, Generation 512K, Heap 2M
 Heap Min Capacity: 100M
 Heap Initial Capacity: 100M
 Heap Max Capacity: 1G
 Pre-touch: Disabled
 Parallel Workers: 8
Heap:
 PSYoungGen      total 3072K, used 1609K [0x00000000eab00000, 0x00000000eaf80000, 0x0000000100000000)
  eden space 2560K, 52% used [0x00000000eab00000,0x00000000eac52440,0x00000000ead80000)
  from space 512K, 50% used [0x00000000eaf00000,0x00000000eaf40000,0x00000000eaf80000)
  to   space 512K, 0% used [0x00000000eae80000,0x00000000eae80000,0x00000000eaf00000)
 ParOldGen       total 699392K, used 535756K [0x00000000c0000000, 0x00000000eab00000, 0x00000000eab00000)
  object space 699392K, 76% used [0x00000000c0000000,0x00000000e0b331b0,0x00000000eab00000)
 Metaspace       used 68559K, committed 70016K, reserved 1114112K
  class space    used 7253K, committed 7872K, reserved 1048576K
GC Heap History (20 events):
Event: 50.472 GC heap before
{Heap before GC invocations=606 (full 3):
 PSYoungGen      total 3584K, used 3392K [0x00000000eab00000, 0x00000000eaf80000, 0x0000000100000000)
  eden space 2560K, 100% used [0x00000000eab00000,0x00000000ead80000,0x00000000ead80000)
  from space 1024K, 81% used [0x00000000eae80000,0x00000000eaf50010,0x00000000eaf80000)
  to   space 1024K, 0% used [0x00000000ead80000,0x00000000ead80000,0x00000000eae80000)
 ParOldGen       total 699392K, used 528705K [0x00000000c0000000, 0x00000000eab00000, 0x00000000eab00000)
  object space 699392K, 75% used [0x00000000c0000000,0x00000000e0450528,0x00000000eab00000)
 Metaspace       used 67888K, committed 69376K, reserved 1114112K
  class space    used 7168K, committed 7808K, reserved 1048576K
}
Event: 50.476 GC heap after
{Heap after GC invocations=606 (full 3):
 PSYoungGen      total 3584K, used 576K [0x00000000eab00000, 0x00000000eaf80000, 0x0000000100000000)
  eden space 2560K, 0% used [0x00000000eab00000,0x00000000eab00000,0x00000000ead80000)
  from space 1024K, 56% used [0x00000000ead80000,0x00000000eae10010,0x00000000eae80000)
  to   space 1024K, 0% used [0x00000000eae80000,0x00000000eae80000,0x00000000eaf80000)
 ParOldGen       total 699392K, used 529449K [0x00000000c0000000, 0x00000000eab00000, 0x00000000eab00000)
  object space 699392K, 75% used [0x00000000c0000000,0x00000000e050a538,0x00000000eab00000)
 Metaspace       used 67888K, committed 69376K, reserved 1114112K
  class space    used 7168K, committed 7808K, reserved 1048576K
}
Event: 50.516 GC heap before
{Heap before GC invocations=607 (full 3):
 PSYoungGen      total 3584K, used 3136K [0x00000000eab00000, 0x00000000eaf80000, 0x0000000100000000)
  eden space 2560K, 99% used [0x00000000eab00000,0x00000000ead7fff8,0x00000000ead80000)
  from space 1024K, 56% used [0x00000000ead80000,0x00000000eae10010,0x00000000eae80000)
  to   space 1024K, 0% used [0x00000000eae80000,0x00000000eae80000,0x00000000eaf80000)
 ParOldGen       total 699392K, used 529449K [0x00000000c0000000, 0x00000000eab00000, 0x00000000eab00000)
  object space 699392K, 75% used [0x00000000c0000000,0x00000000e050a538,0x00000000eab00000)
 Metaspace       used 67928K, committed 69376K, reserved 1114112K
  class space    used 7176K, committed 7808K, reserved 1048576K
}
Event: 50.522 GC heap after
{Heap after GC invocations=607 (full 3):
 PSYoungGen      total 1536K, used 996K [0x00000000eab00000, 0x00000000eb380000, 0x0000000100000000)
  eden space 512K, 0% used [0x00000000eab00000,0x00000000eab00000,0x00000000eab80000)
  from space 1024K, 97% used [0x00000000eae80000,0x00000000eaf79378,0x00000000eaf80000)
  to   space 3072K, 0% used [0x00000000eab80000,0x00000000eab80000,0x00000000eae80000)
 ParOldGen       total 699392K, used 531019K [0x00000000c0000000, 0x00000000eab00000, 0x00000000eab00000)
  object space 699392K, 75% used [0x00000000c0000000,0x00000000e0692db0,0x00000000eab00000)
 Metaspace       used 67928K, committed 69376K, reserved 1114112K
  class space    used 7176K, committed 7808K, reserved 1048576K
}
Event: 50.525 GC heap before
{Heap before GC invocations=608 (full 3):
 PSYoungGen      total 1536K, used 1508K [0x00000000eab00000, 0x00000000eb380000, 0x0000000100000000)
  eden space 512K, 99% used [0x00000000eab00000,0x00000000eab7ff80,0x00000000eab80000)
  from space 1024K, 97% used [0x00000000eae80000,0x00000000eaf79378,0x00000000eaf80000)
  to   space 3072K, 0% used [0x00000000eab80000,0x00000000eab80000,0x00000000eae80000)
 ParOldGen       total 699392K, used 531019K [0x00000000c0000000, 0x00000000eab00000, 0x00000000eab00000)
  object space 699392K, 75% used [0x00000000c0000000,0x00000000e0692db0,0x00000000eab00000)
 Metaspace       used 67929K, committed 69376K, reserved 1114112K
  class space    used 7176K, committed 7808K, reserved 1048576K
}
Event: 50.529 GC heap after
{Heap after GC invocations=608 (full 3):
 PSYoungGen      total 1536K, used 544K [0x00000000eab00000, 0x00000000eaf00000, 0x0000000100000000)
  eden space 512K, 0% used [0x00000000eab00000,0x00000000eab00000,0x00000000eab80000)
  from space 1024K, 53% used [0x00000000eab80000,0x00000000eac08000,0x00000000eac80000)
  to   space 1536K, 0% used [0x00000000ead80000,0x00000000ead80000,0x00000000eaf00000)
 ParOldGen       total 699392K, used 532048K [0x00000000c0000000, 0x00000000eab00000, 0x00000000eab00000)
  object space 699392K, 76% used [0x00000000c0000000,0x00000000e0794138,0x00000000eab00000)
 Metaspace       used 67929K, committed 69376K, reserved 1114112K
  class space    used 7176K, committed 7808K, reserved 1048576K
}
Event: 50.532 GC heap before
{Heap before GC invocations=609 (full 3):
 PSYoungGen      total 1536K, used 1056K [0x00000000eab00000, 0x00000000eaf00000, 0x0000000100000000)
  eden space 512K, 100% used [0x00000000eab00000,0x00000000eab80000,0x00000000eab80000)
  from space 1024K, 53% used [0x00000000eab80000,0x00000000eac08000,0x00000000eac80000)
  to   space 1536K, 0% used [0x00000000ead80000,0x00000000ead80000,0x00000000eaf00000)
 ParOldGen       total 699392K, used 532048K [0x00000000c0000000, 0x00000000eab00000, 0x00000000eab00000)
  object space 699392K, 76% used [0x00000000c0000000,0x00000000e0794138,0x00000000eab00000)
 Metaspace       used 67933K, committed 69440K, reserved 1114112K
  class space    used 7176K, committed 7808K, reserved 1048576K
}
Event: 50.536 GC heap after
{Heap after GC invocations=609 (full 3):
 PSYoungGen      total 1536K, used 480K [0x00000000eab00000, 0x00000000eae00000, 0x0000000100000000)
  eden space 1024K, 0% used [0x00000000eab00000,0x00000000eab00000,0x00000000eac00000)
  from space 512K, 93% used [0x00000000ead80000,0x00000000eadf8000,0x00000000eae00000)
  to   space 1024K, 0% used [0x00000000eac00000,0x00000000eac00000,0x00000000ead00000)
 ParOldGen       total 699392K, used 532472K [0x00000000c0000000, 0x00000000eab00000, 0x00000000eab00000)
  object space 699392K, 76% used [0x00000000c0000000,0x00000000e07fe138,0x00000000eab00000)
 Metaspace       used 67933K, committed 69440K, reserved 1114112K
  class space    used 7176K, committed 7808K, reserved 1048576K
}
Event: 50.543 GC heap before
{Heap before GC invocations=610 (full 3):
 PSYoungGen      total 1536K, used 1504K [0x00000000eab00000, 0x00000000eae00000, 0x0000000100000000)
  eden space 1024K, 100% used [0x00000000eab00000,0x00000000eac00000,0x00000000eac00000)
  from space 512K, 93% used [0x00000000ead80000,0x00000000eadf8000,0x00000000eae00000)
  to   space 1024K, 0% used [0x00000000eac00000,0x00000000eac00000,0x00000000ead00000)
 ParOldGen       total 699392K, used 532472K [0x00000000c0000000, 0x00000000eab00000, 0x00000000eab00000)
  object space 699392K, 76% used [0x00000000c0000000,0x00000000e07fe138,0x00000000eab00000)
 Metaspace       used 67944K, committed 69440K, reserved 1114112K
  class space    used 7177K, committed 7808K, reserved 1048576K
}
Event: 50.547 GC heap after
{Heap after GC invocations=610 (full 3):
 PSYoungGen      total 2048K, used 992K [0x00000000eab00000, 0x00000000eaf80000, 0x0000000100000000)
  eden space 1024K, 0% used [0x00000000eab00000,0x00000000eab00000,0x00000000eac00000)
  from space 1024K, 96% used [0x00000000eac00000,0x00000000eacf8000,0x00000000ead00000)
  to   space 1536K, 0% used [0x00000000eae00000,0x00000000eae00000,0x00000000eaf80000)
 ParOldGen       total 699392K, used 532862K [0x00000000c0000000, 0x00000000eab00000, 0x00000000eab00000)
  object space 699392K, 76% used [0x00000000c0000000,0x00000000e085fab8,0x00000000eab00000)
 Metaspace       used 67944K, committed 69440K, reserved 1114112K
  class space    used 7177K, committed 7808K, reserved 1048576K
}
Event: 50.554 GC heap before
{Heap before GC invocations=611 (full 3):
 PSYoungGen      total 2048K, used 2015K [0x00000000eab00000, 0x00000000eaf80000, 0x0000000100000000)
  eden space 1024K, 99% used [0x00000000eab00000,0x00000000eabffff0,0x00000000eac00000)
  from space 1024K, 96% used [0x00000000eac00000,0x00000000eacf8000,0x00000000ead00000)
  to   space 1536K, 0% used [0x00000000eae00000,0x00000000eae00000,0x00000000eaf80000)
 ParOldGen       total 699392K, used 532862K [0x00000000c0000000, 0x00000000eab00000, 0x00000000eab00000)
  object space 699392K, 76% used [0x00000000c0000000,0x00000000e085fab8,0x00000000eab00000)
 Metaspace       used 67970K, committed 69440K, reserved 1114112K
  class space    used 7181K, committed 7808K, reserved 1048576K
}
Event: 50.558 GC heap after
{Heap after GC invocations=611 (full 3):
 PSYoungGen      total 2560K, used 864K [0x00000000eab00000, 0x00000000eaf00000, 0x0000000100000000)
  eden space 1536K, 0% used [0x00000000eab00000,0x00000000eab00000,0x00000000eac80000)
  from space 1024K, 84% used [0x00000000eae00000,0x00000000eaed8000,0x00000000eaf00000)
  to   space 1024K, 0% used [0x00000000ead00000,0x00000000ead00000,0x00000000eae00000)
 ParOldGen       total 699392K, used 533724K [0x00000000c0000000, 0x00000000eab00000, 0x00000000eab00000)
  object space 699392K, 76% used [0x00000000c0000000,0x00000000e0937190,0x00000000eab00000)
 Metaspace       used 67970K, committed 69440K, reserved 1114112K
  class space    used 7181K, committed 7808K, reserved 1048576K
}
Event: 50.580 GC heap before
{Heap before GC invocations=612 (full 3):
 PSYoungGen      total 2560K, used 2399K [0x00000000eab00000, 0x00000000eaf00000, 0x0000000100000000)
  eden space 1536K, 99% used [0x00000000eab00000,0x00000000eac7ffc0,0x00000000eac80000)
  from space 1024K, 84% used [0x00000000eae00000,0x00000000eaed8000,0x00000000eaf00000)
  to   space 1024K, 0% used [0x00000000ead00000,0x00000000ead00000,0x00000000eae00000)
 ParOldGen       total 699392K, used 533724K [0x00000000c0000000, 0x00000000eab00000, 0x00000000eab00000)
  object space 699392K, 76% used [0x00000000c0000000,0x00000000e0937190,0x00000000eab00000)
 Metaspace       used 67993K, committed 69504K, reserved 1114112K
  class space    used 7184K, committed 7808K, reserved 1048576K
}
Event: 50.584 GC heap after
{Heap after GC invocations=612 (full 3):
 PSYoungGen      total 3072K, used 1024K [0x00000000eab00000, 0x00000000eb100000, 0x0000000100000000)
  eden space 2048K, 0% used [0x00000000eab00000,0x00000000eab00000,0x00000000ead00000)
  from space 1024K, 100% used [0x00000000ead00000,0x00000000eae00000,0x00000000eae00000)
  to   space 2048K, 0% used [0x00000000eaf00000,0x00000000eaf00000,0x00000000eb100000)
 ParOldGen       total 699392K, used 534548K [0x00000000c0000000, 0x00000000eab00000, 0x00000000eab00000)
  object space 699392K, 76% used [0x00000000c0000000,0x00000000e0a05190,0x00000000eab00000)
 Metaspace       used 67993K, committed 69504K, reserved 1114112K
  class space    used 7184K, committed 7808K, reserved 1048576K
}
Event: 50.611 GC heap before
{Heap before GC invocations=613 (full 3):
 PSYoungGen      total 3072K, used 3034K [0x00000000eab00000, 0x00000000eb100000, 0x0000000100000000)
  eden space 2048K, 98% used [0x00000000eab00000,0x00000000eacf6850,0x00000000ead00000)
  from space 1024K, 100% used [0x00000000ead00000,0x00000000eae00000,0x00000000eae00000)
  to   space 2048K, 0% used [0x00000000eaf00000,0x00000000eaf00000,0x00000000eb100000)
 ParOldGen       total 699392K, used 534548K [0x00000000c0000000, 0x00000000eab00000, 0x00000000eab00000)
  object space 699392K, 76% used [0x00000000c0000000,0x00000000e0a05190,0x00000000eab00000)
 Metaspace       used 68028K, committed 69504K, reserved 1114112K
  class space    used 7188K, committed 7808K, reserved 1048576K
}
Event: 50.615 GC heap after
{Heap after GC invocations=613 (full 3):
 PSYoungGen      total 3072K, used 420K [0x00000000eab00000, 0x00000000eaf80000, 0x0000000100000000)
  eden space 2560K, 0% used [0x00000000eab00000,0x00000000eab00000,0x00000000ead80000)
  from space 512K, 82% used [0x00000000eaf00000,0x00000000eaf69318,0x00000000eaf80000)
  to   space 1024K, 0% used [0x00000000ead80000,0x00000000ead80000,0x00000000eae80000)
 ParOldGen       total 699392K, used 535596K [0x00000000c0000000, 0x00000000eab00000, 0x00000000eab00000)
  object space 699392K, 76% used [0x00000000c0000000,0x00000000e0b0b190,0x00000000eab00000)
 Metaspace       used 68028K, committed 69504K, reserved 1114112K
  class space    used 7188K, committed 7808K, reserved 1048576K
}
Event: 50.717 GC heap before
{Heap before GC invocations=614 (full 3):
 PSYoungGen      total 3072K, used 2980K [0x00000000eab00000, 0x00000000eaf80000, 0x0000000100000000)
  eden space 2560K, 100% used [0x00000000eab00000,0x00000000ead80000,0x00000000ead80000)
  from space 512K, 82% used [0x00000000eaf00000,0x00000000eaf69318,0x00000000eaf80000)
  to   space 1024K, 0% used [0x00000000ead80000,0x00000000ead80000,0x00000000eae80000)
 ParOldGen       total 699392K, used 535596K [0x00000000c0000000, 0x00000000eab00000, 0x00000000eab00000)
  object space 699392K, 76% used [0x00000000c0000000,0x00000000e0b0b190,0x00000000eab00000)
 Metaspace       used 68280K, committed 69760K, reserved 1114112K
  class space    used 7239K, committed 7872K, reserved 1048576K
}
Event: 50.719 GC heap after
{Heap after GC invocations=614 (full 3):
 PSYoungGen      total 3584K, used 288K [0x00000000eab00000, 0x00000000eaf80000, 0x0000000100000000)
  eden space 2560K, 0% used [0x00000000eab00000,0x00000000eab00000,0x00000000ead80000)
  from space 1024K, 28% used [0x00000000ead80000,0x00000000eadc8020,0x00000000eae80000)
  to   space 512K, 0% used [0x00000000eaf00000,0x00000000eaf00000,0x00000000eaf80000)
 ParOldGen       total 699392K, used 535644K [0x00000000c0000000, 0x00000000eab00000, 0x00000000eab00000)
  object space 699392K, 76% used [0x00000000c0000000,0x00000000e0b17190,0x00000000eab00000)
 Metaspace       used 68280K, committed 69760K, reserved 1114112K
  class space    used 7239K, committed 7872K, reserved 1048576K
}
Event: 50.937 GC heap before
{Heap before GC invocations=615 (full 3):
 PSYoungGen      total 3584K, used 2848K [0x00000000eab00000, 0x00000000eaf80000, 0x0000000100000000)
  eden space 2560K, 99% used [0x00000000eab00000,0x00000000ead7fff8,0x00000000ead80000)
  from space 1024K, 28% used [0x00000000ead80000,0x00000000eadc8020,0x00000000eae80000)
  to   space 512K, 0% used [0x00000000eaf00000,0x00000000eaf00000,0x00000000eaf80000)
 ParOldGen       total 699392K, used 535644K [0x00000000c0000000, 0x00000000eab00000, 0x00000000eab00000)
  object space 699392K, 76% used [0x00000000c0000000,0x00000000e0b17190,0x00000000eab00000)
 Metaspace       used 68509K, committed 70016K, reserved 1114112K
  class space    used 7252K, committed 7872K, reserved 1048576K
}
Event: 50.939 GC heap after
{Heap after GC invocations=615 (full 3):
 PSYoungGen      total 3072K, used 256K [0x00000000eab00000, 0x00000000eaf80000, 0x0000000100000000)
  eden space 2560K, 0% used [0x00000000eab00000,0x00000000eab00000,0x00000000ead80000)
  from space 512K, 50% used [0x00000000eaf00000,0x00000000eaf40000,0x00000000eaf80000)
  to   space 512K, 0% used [0x00000000eae80000,0x00000000eae80000,0x00000000eaf00000)
 ParOldGen       total 699392K, used 535756K [0x00000000c0000000, 0x00000000eab00000, 0x00000000eab00000)
  object space 699392K, 76% used [0x00000000c0000000,0x00000000e0b331b0,0x00000000eab00000)
 Metaspace       used 68509K, committed 70016K, reserved 1114112K
  class space    used 7252K, committed 7872K, reserved 1048576K
}

