# JRE version: OpenJDK Runtime Environment Temurin-21.0.6+7 (21.0.6+7) (build 21.0.6+7-LTS)
# Java VM: OpenJDK 64-Bit Server VM Temurin-21.0.6+7 (21.0.6+7-LTS, mixed mode, sharing, tiered, compressed oops, compressed class ptrs, parallel gc, windows-amd64)
GC Precious Log:
 CardTable entry size: 512
 CPUs: 8 total, 8 available
 Memory: 15807M
 Large Page Support: Disabled
 NUMA Support: Disabled
 Compressed Oops: Enabled (32-bit)
 Alignments: Space 512K, Generation 512K, Heap 2M
 Heap Min Capacity: 100M
 Heap Initial Capacity: 100M
 Heap Max Capacity: 1G
 Pre-touch: Disabled
 Parallel Workers: 8
Heap:
 PSYoungGen      total 4096K, used 3312K [0x00000000eab00000, 0x00000000eb000000, 0x0000000100000000)
  eden space 3072K, 93% used [0x00000000eab00000,0x00000000eadcb378,0x00000000eae00000)
  from space 1024K, 44% used [0x00000000eae00000,0x00000000eae70de0,0x00000000eaf00000)
  to   space 1024K, 88% used [0x00000000eaf00000,0x00000000eafe3c48,0x00000000eb000000)
 ParOldGen       total 422400K, used 422005K [0x00000000c0000000, 0x00000000d9c80000, 0x00000000eab00000)
  object space 422400K, 99% used [0x00000000c0000000,0x00000000d9c1d420,0x00000000d9c80000)
 Metaspace       used 67656K, committed 69120K, reserved 1114112K
  class space    used 7127K, committed 7808K, reserved 1048576K
GC Heap History (20 events):
Event: 39.432 GC heap before
{Heap before GC invocations=324 (full 3):
 PSYoungGen      total 4608K, used 4572K [0x00000000eab00000, 0x00000000eb300000, 0x0000000100000000)
  eden space 4096K, 99% used [0x00000000eab00000,0x00000000eaef7cc8,0x00000000eaf00000)
  from space 512K, 99% used [0x00000000eb180000,0x00000000eb1ff5a8,0x00000000eb200000)
  to   space 2048K, 0% used [0x00000000eaf00000,0x00000000eaf00000,0x00000000eb100000)
 ParOldGen       total 417280K, used 417028K [0x00000000c0000000, 0x00000000d9780000, 0x00000000eab00000)
  object space 417280K, 99% used [0x00000000c0000000,0x00000000d97410d0,0x00000000d9780000)
 Metaspace       used 67032K, committed 68544K, reserved 1114112K
  class space    used 7080K, committed 7744K, reserved 1048576K
}
Event: 39.437 GC heap after
{Heap after GC invocations=324 (full 3):
 PSYoungGen      total 5632K, used 1346K [0x00000000eab00000, 0x00000000eb200000, 0x0000000100000000)
  eden space 4096K, 0% used [0x00000000eab00000,0x00000000eab00000,0x00000000eaf00000)
  from space 1536K, 87% used [0x00000000eaf00000,0x00000000eb0508e0,0x00000000eb080000)
  to   space 1536K, 0% used [0x00000000eb080000,0x00000000eb080000,0x00000000eb200000)
 ParOldGen       total 417792K, used 417369K [0x00000000c0000000, 0x00000000d9800000, 0x00000000eab00000)
  object space 417792K, 99% used [0x00000000c0000000,0x00000000d9796798,0x00000000d9800000)
 Metaspace       used 67032K, committed 68544K, reserved 1114112K
  class space    used 7080K, committed 7744K, reserved 1048576K
}
Event: 39.465 GC heap before
{Heap before GC invocations=325 (full 3):
 PSYoungGen      total 5632K, used 5308K [0x00000000eab00000, 0x00000000eb200000, 0x0000000100000000)
  eden space 4096K, 96% used [0x00000000eab00000,0x00000000eaede9a0,0x00000000eaf00000)
  from space 1536K, 87% used [0x00000000eaf00000,0x00000000eb0508e0,0x00000000eb080000)
  to   space 1536K, 0% used [0x00000000eb080000,0x00000000eb080000,0x00000000eb200000)
 ParOldGen       total 417792K, used 417369K [0x00000000c0000000, 0x00000000d9800000, 0x00000000eab00000)
  object space 417792K, 99% used [0x00000000c0000000,0x00000000d9796798,0x00000000d9800000)
 Metaspace       used 67132K, committed 68608K, reserved 1114112K
  class space    used 7087K, committed 7744K, reserved 1048576K
}
Event: 39.470 GC heap after
{Heap after GC invocations=325 (full 3):
 PSYoungGen      total 5632K, used 897K [0x00000000eab00000, 0x00000000eb200000, 0x0000000100000000)
  eden space 4096K, 0% used [0x00000000eab00000,0x00000000eab00000,0x00000000eaf00000)
  from space 1536K, 58% used [0x00000000eb080000,0x00000000eb160670,0x00000000eb200000)
  to   space 1536K, 0% used [0x00000000eaf00000,0x00000000eaf00000,0x00000000eb080000)
 ParOldGen       total 417792K, used 417665K [0x00000000c0000000, 0x00000000d9800000, 0x00000000eab00000)
  object space 417792K, 99% used [0x00000000c0000000,0x00000000d97e0798,0x00000000d9800000)
 Metaspace       used 67132K, committed 68608K, reserved 1114112K
  class space    used 7087K, committed 7744K, reserved 1048576K
}
Event: 39.506 GC heap before
{Heap before GC invocations=326 (full 3):
 PSYoungGen      total 5632K, used 4993K [0x00000000eab00000, 0x00000000eb200000, 0x0000000100000000)
  eden space 4096K, 100% used [0x00000000eab00000,0x00000000eaf00000,0x00000000eaf00000)
  from space 1536K, 58% used [0x00000000eb080000,0x00000000eb160670,0x00000000eb200000)
  to   space 1536K, 0% used [0x00000000eaf00000,0x00000000eaf00000,0x00000000eb080000)
 ParOldGen       total 417792K, used 417665K [0x00000000c0000000, 0x00000000d9800000, 0x00000000eab00000)
  object space 417792K, 99% used [0x00000000c0000000,0x00000000d97e0798,0x00000000d9800000)
 Metaspace       used 67200K, committed 68672K, reserved 1114112K
  class space    used 7095K, committed 7744K, reserved 1048576K
}
Event: 39.510 GC heap after
{Heap after GC invocations=326 (full 3):
 PSYoungGen      total 5120K, used 691K [0x00000000eab00000, 0x00000000eb100000, 0x0000000100000000)
  eden space 4096K, 0% used [0x00000000eab00000,0x00000000eab00000,0x00000000eaf00000)
  from space 1024K, 67% used [0x00000000eaf00000,0x00000000eafacef8,0x00000000eb000000)
  to   space 1024K, 0% used [0x00000000eb000000,0x00000000eb000000,0x00000000eb100000)
 ParOldGen       total 417792K, used 417705K [0x00000000c0000000, 0x00000000d9800000, 0x00000000eab00000)
  object space 417792K, 99% used [0x00000000c0000000,0x00000000d97ea798,0x00000000d9800000)
 Metaspace       used 67200K, committed 68672K, reserved 1114112K
  class space    used 7095K, committed 7744K, reserved 1048576K
}
Event: 39.577 GC heap before
{Heap before GC invocations=327 (full 3):
 PSYoungGen      total 5120K, used 4671K [0x00000000eab00000, 0x00000000eb100000, 0x0000000100000000)
  eden space 4096K, 97% used [0x00000000eab00000,0x00000000eaee2f00,0x00000000eaf00000)
  from space 1024K, 67% used [0x00000000eaf00000,0x00000000eafacef8,0x00000000eb000000)
  to   space 1024K, 0% used [0x00000000eb000000,0x00000000eb000000,0x00000000eb100000)
 ParOldGen       total 417792K, used 417705K [0x00000000c0000000, 0x00000000d9800000, 0x00000000eab00000)
  object space 417792K, 99% used [0x00000000c0000000,0x00000000d97ea798,0x00000000d9800000)
 Metaspace       used 67317K, committed 68864K, reserved 1114112K
  class space    used 7107K, committed 7808K, reserved 1048576K
}
Event: 39.584 GC heap after
{Heap after GC invocations=327 (full 3):
 PSYoungGen      total 4608K, used 1013K [0x00000000eab00000, 0x00000000eb200000, 0x0000000100000000)
  eden space 3584K, 0% used [0x00000000eab00000,0x00000000eab00000,0x00000000eae80000)
  from space 1024K, 99% used [0x00000000eb000000,0x00000000eb0fd770,0x00000000eb100000)
  to   space 1536K, 0% used [0x00000000eae80000,0x00000000eae80000,0x00000000eb000000)
 ParOldGen       total 418304K, used 417801K [0x00000000c0000000, 0x00000000d9880000, 0x00000000eab00000)
  object space 418304K, 99% used [0x00000000c0000000,0x00000000d9802798,0x00000000d9880000)
 Metaspace       used 67317K, committed 68864K, reserved 1114112K
  class space    used 7107K, committed 7808K, reserved 1048576K
}
Event: 40.631 GC heap before
{Heap before GC invocations=328 (full 3):
 PSYoungGen      total 4608K, used 4597K [0x00000000eab00000, 0x00000000eb200000, 0x0000000100000000)
  eden space 3584K, 100% used [0x00000000eab00000,0x00000000eae80000,0x00000000eae80000)
  from space 1024K, 99% used [0x00000000eb000000,0x00000000eb0fd770,0x00000000eb100000)
  to   space 1536K, 0% used [0x00000000eae80000,0x00000000eae80000,0x00000000eb000000)
 ParOldGen       total 418304K, used 417801K [0x00000000c0000000, 0x00000000d9880000, 0x00000000eab00000)
  object space 418304K, 99% used [0x00000000c0000000,0x00000000d9802798,0x00000000d9880000)
 Metaspace       used 67340K, committed 68864K, reserved 1114112K
  class space    used 7108K, committed 7808K, reserved 1048576K
}
Event: 40.644 GC heap after
{Heap after GC invocations=328 (full 3):
 PSYoungGen      total 5120K, used 1048K [0x00000000eab00000, 0x00000000eb180000, 0x0000000100000000)
  eden space 3584K, 0% used [0x00000000eab00000,0x00000000eab00000,0x00000000eae80000)
  from space 1536K, 68% used [0x00000000eae80000,0x00000000eaf86098,0x00000000eb000000)
  to   space 1536K, 0% used [0x00000000eb000000,0x00000000eb000000,0x00000000eb180000)
 ParOldGen       total 418304K, used 417985K [0x00000000c0000000, 0x00000000d9880000, 0x00000000eab00000)
  object space 418304K, 99% used [0x00000000c0000000,0x00000000d9830798,0x00000000d9880000)
 Metaspace       used 67340K, committed 68864K, reserved 1114112K
  class space    used 7108K, committed 7808K, reserved 1048576K
}
Event: 40.830 GC heap before
{Heap before GC invocations=329 (full 3):
 PSYoungGen      total 5120K, used 4632K [0x00000000eab00000, 0x00000000eb180000, 0x0000000100000000)
  eden space 3584K, 100% used [0x00000000eab00000,0x00000000eae80000,0x00000000eae80000)
  from space 1536K, 68% used [0x00000000eae80000,0x00000000eaf86098,0x00000000eb000000)
  to   space 1536K, 0% used [0x00000000eb000000,0x00000000eb000000,0x00000000eb180000)
 ParOldGen       total 418304K, used 417985K [0x00000000c0000000, 0x00000000d9880000, 0x00000000eab00000)
  object space 418304K, 99% used [0x00000000c0000000,0x00000000d9830798,0x00000000d9880000)
 Metaspace       used 67429K, committed 68928K, reserved 1114112K
  class space    used 7118K, committed 7808K, reserved 1048576K
}
Event: 40.837 GC heap after
{Heap after GC invocations=329 (full 3):
 PSYoungGen      total 5120K, used 1245K [0x00000000eab00000, 0x00000000eb180000, 0x0000000100000000)
  eden space 3584K, 0% used [0x00000000eab00000,0x00000000eab00000,0x00000000eae80000)
  from space 1536K, 81% used [0x00000000eb000000,0x00000000eb137520,0x00000000eb180000)
  to   space 1536K, 0% used [0x00000000eae80000,0x00000000eae80000,0x00000000eb000000)
 ParOldGen       total 419328K, used 418938K [0x00000000c0000000, 0x00000000d9980000, 0x00000000eab00000)
  object space 419328K, 99% used [0x00000000c0000000,0x00000000d991e830,0x00000000d9980000)
 Metaspace       used 67429K, committed 68928K, reserved 1114112K
  class space    used 7118K, committed 7808K, reserved 1048576K
}
Event: 40.892 GC heap before
{Heap before GC invocations=330 (full 3):
 PSYoungGen      total 5120K, used 4829K [0x00000000eab00000, 0x00000000eb180000, 0x0000000100000000)
  eden space 3584K, 100% used [0x00000000eab00000,0x00000000eae80000,0x00000000eae80000)
  from space 1536K, 81% used [0x00000000eb000000,0x00000000eb137520,0x00000000eb180000)
  to   space 1536K, 0% used [0x00000000eae80000,0x00000000eae80000,0x00000000eb000000)
 ParOldGen       total 419328K, used 418938K [0x00000000c0000000, 0x00000000d9980000, 0x00000000eab00000)
  object space 419328K, 99% used [0x00000000c0000000,0x00000000d991e830,0x00000000d9980000)
 Metaspace       used 67460K, committed 68928K, reserved 1114112K
  class space    used 7118K, committed 7808K, reserved 1048576K
}
Event: 40.896 GC heap after
{Heap after GC invocations=330 (full 3):
 PSYoungGen      total 4608K, used 677K [0x00000000eab00000, 0x00000000eb080000, 0x0000000100000000)
  eden space 3584K, 0% used [0x00000000eab00000,0x00000000eab00000,0x00000000eae80000)
  from space 1024K, 66% used [0x00000000eae80000,0x00000000eaf29470,0x00000000eaf80000)
  to   space 1024K, 0% used [0x00000000eaf80000,0x00000000eaf80000,0x00000000eb080000)
 ParOldGen       total 420352K, used 420018K [0x00000000c0000000, 0x00000000d9a80000, 0x00000000eab00000)
  object space 420352K, 99% used [0x00000000c0000000,0x00000000d9a2c9b8,0x00000000d9a80000)
 Metaspace       used 67460K, committed 68928K, reserved 1114112K
  class space    used 7118K, committed 7808K, reserved 1048576K
}
Event: 40.947 GC heap before
{Heap before GC invocations=331 (full 3):
 PSYoungGen      total 4608K, used 4261K [0x00000000eab00000, 0x00000000eb080000, 0x0000000100000000)
  eden space 3584K, 100% used [0x00000000eab00000,0x00000000eae80000,0x00000000eae80000)
  from space 1024K, 66% used [0x00000000eae80000,0x00000000eaf29470,0x00000000eaf80000)
  to   space 1024K, 0% used [0x00000000eaf80000,0x00000000eaf80000,0x00000000eb080000)
 ParOldGen       total 420352K, used 420018K [0x00000000c0000000, 0x00000000d9a80000, 0x00000000eab00000)
  object space 420352K, 99% used [0x00000000c0000000,0x00000000d9a2c9b8,0x00000000d9a80000)
 Metaspace       used 67467K, committed 68928K, reserved 1114112K
  class space    used 7118K, committed 7808K, reserved 1048576K
}
Event: 40.953 GC heap after
{Heap after GC invocations=331 (full 3):
 PSYoungGen      total 3584K, used 1002K [0x00000000eab00000, 0x00000000eb280000, 0x0000000100000000)
  eden space 2560K, 0% used [0x00000000eab00000,0x00000000eab00000,0x00000000ead80000)
  from space 1024K, 97% used [0x00000000eaf80000,0x00000000eb07a8f8,0x00000000eb080000)
  to   space 2048K, 0% used [0x00000000ead80000,0x00000000ead80000,0x00000000eaf80000)
 ParOldGen       total 420864K, used 420438K [0x00000000c0000000, 0x00000000d9b00000, 0x00000000eab00000)
  object space 420864K, 99% used [0x00000000c0000000,0x00000000d9a959c8,0x00000000d9b00000)
 Metaspace       used 67467K, committed 68928K, reserved 1114112K
  class space    used 7118K, committed 7808K, reserved 1048576K
}
Event: 40.984 GC heap before
{Heap before GC invocations=332 (full 3):
 PSYoungGen      total 3584K, used 3562K [0x00000000eab00000, 0x00000000eb280000, 0x0000000100000000)
  eden space 2560K, 100% used [0x00000000eab00000,0x00000000ead80000,0x00000000ead80000)
  from space 1024K, 97% used [0x00000000eaf80000,0x00000000eb07a8f8,0x00000000eb080000)
  to   space 2048K, 0% used [0x00000000ead80000,0x00000000ead80000,0x00000000eaf80000)
 ParOldGen       total 420864K, used 420438K [0x00000000c0000000, 0x00000000d9b00000, 0x00000000eab00000)
  object space 420864K, 99% used [0x00000000c0000000,0x00000000d9a959c8,0x00000000d9b00000)
 Metaspace       used 67472K, committed 68928K, reserved 1114112K
  class space    used 7118K, committed 7808K, reserved 1048576K
}
Event: 40.990 GC heap after
{Heap after GC invocations=332 (full 3):
 PSYoungGen      total 4096K, used 1096K [0x00000000eab00000, 0x00000000eb080000, 0x0000000100000000)
  eden space 2560K, 0% used [0x00000000eab00000,0x00000000eab00000,0x00000000ead80000)
  from space 1536K, 71% used [0x00000000ead80000,0x00000000eae920d0,0x00000000eaf00000)
  to   space 1536K, 0% used [0x00000000eaf00000,0x00000000eaf00000,0x00000000eb080000)
 ParOldGen       total 421376K, used 421336K [0x00000000c0000000, 0x00000000d9b80000, 0x00000000eab00000)
  object space 421376K, 99% used [0x00000000c0000000,0x00000000d9b76300,0x00000000d9b80000)
 Metaspace       used 67472K, committed 68928K, reserved 1114112K
  class space    used 7118K, committed 7808K, reserved 1048576K
}
Event: 41.015 GC heap before
{Heap before GC invocations=333 (full 3):
 PSYoungGen      total 4096K, used 3486K [0x00000000eab00000, 0x00000000eb080000, 0x0000000100000000)
  eden space 2560K, 93% used [0x00000000eab00000,0x00000000ead55860,0x00000000ead80000)
  from space 1536K, 71% used [0x00000000ead80000,0x00000000eae920d0,0x00000000eaf00000)
  to   space 1536K, 0% used [0x00000000eaf00000,0x00000000eaf00000,0x00000000eb080000)
 ParOldGen       total 421376K, used 421336K [0x00000000c0000000, 0x00000000d9b80000, 0x00000000eab00000)
  object space 421376K, 99% used [0x00000000c0000000,0x00000000d9b76300,0x00000000d9b80000)
 Metaspace       used 67490K, committed 68992K, reserved 1114112K
  class space    used 7118K, committed 7808K, reserved 1048576K
}
Event: 41.022 GC heap after
{Heap after GC invocations=333 (full 3):
 PSYoungGen      total 4096K, used 997K [0x00000000eab00000, 0x00000000eb080000, 0x0000000100000000)
  eden space 2560K, 0% used [0x00000000eab00000,0x00000000eab00000,0x00000000ead80000)
  from space 1536K, 64% used [0x00000000eaf00000,0x00000000eaff94c0,0x00000000eb080000)
  to   space 1536K, 0% used [0x00000000ead80000,0x00000000ead80000,0x00000000eaf00000)
 ParOldGen       total 421888K, used 421404K [0x00000000c0000000, 0x00000000d9c00000, 0x00000000eab00000)
  object space 421888K, 99% used [0x00000000c0000000,0x00000000d9b87310,0x00000000d9c00000)
 Metaspace       used 67490K, committed 68992K, reserved 1114112K
  class space    used 7118K, committed 7808K, reserved 1048576K
}

