# JRE version: OpenJDK Runtime Environment Temurin-21.0.6+7 (21.0.6+7) (build 21.0.6+7-LTS)
# Java VM: OpenJDK 64-Bit Server VM Temurin-21.0.6+7 (21.0.6+7-LTS, mixed mode, sharing, tiered, compressed oops, compressed class ptrs, parallel gc, windows-amd64)
GC Precious Log:
 CardTable entry size: 512
 CPUs: 8 total, 8 available
 Memory: 15807M
 Large Page Support: Disabled
 NUMA Support: Disabled
 Compressed Oops: Enabled (32-bit)
 Alignments: Space 512K, Generation 512K, Heap 2M
 Heap Min Capacity: 100M
 Heap Initial Capacity: 100M
 Heap Max Capacity: 1G
 Pre-touch: Disabled
 Parallel Workers: 8
Heap:
 PSYoungGen      total 4096K, used 1963K [0x00000000eab00000, 0x00000000eb080000, 0x0000000100000000)
  eden space 3584K, 49% used [0x00000000eab00000,0x00000000eacbac28,0x00000000eae80000)
  from space 512K, 37% used [0x00000000eb000000,0x00000000eb030000,0x00000000eb080000)
  to   space 512K, 0% used [0x00000000eaf80000,0x00000000eaf80000,0x00000000eb000000)
 ParOldGen       total 416768K, used 183915K [0x00000000c0000000, 0x00000000d9700000, 0x00000000eab00000)
  object space 416768K, 44% used [0x00000000c0000000,0x00000000cb39ae68,0x00000000d9700000)
 Metaspace       used 60436K, committed 61824K, reserved 1114112K
  class space    used 6356K, committed 6976K, reserved 1048576K
GC Heap History (20 events):
Event: 29.741 GC heap before
{Heap before GC invocations=313 (full 3):
 PSYoungGen      total 5120K, used 5100K [0x00000000eab00000, 0x00000000eb300000, 0x0000000100000000)
  eden space 4096K, 100% used [0x00000000eab00000,0x00000000eaf00000,0x00000000eaf00000)
  from space 1024K, 98% used [0x00000000eb000000,0x00000000eb0fb1e8,0x00000000eb100000)
  to   space 2048K, 0% used [0x00000000eb100000,0x00000000eb100000,0x00000000eb300000)
 ParOldGen       total 416768K, used 182503K [0x00000000c0000000, 0x00000000d9700000, 0x00000000eab00000)
  object space 416768K, 43% used [0x00000000c0000000,0x00000000cb239d80,0x00000000d9700000)
 Metaspace       used 59489K, committed 60928K, reserved 1114112K
  class space    used 6266K, committed 6912K, reserved 1048576K
}
Event: 29.744 GC heap after
{Heap after GC invocations=313 (full 3):
 PSYoungGen      total 5632K, used 1107K [0x00000000eab00000, 0x00000000eb280000, 0x0000000100000000)
  eden space 4096K, 0% used [0x00000000eab00000,0x00000000eab00000,0x00000000eaf00000)
  from space 1536K, 72% used [0x00000000eb100000,0x00000000eb214e10,0x00000000eb280000)
  to   space 1536K, 0% used [0x00000000eaf80000,0x00000000eaf80000,0x00000000eb100000)
 ParOldGen       total 416768K, used 183267K [0x00000000c0000000, 0x00000000d9700000, 0x00000000eab00000)
  object space 416768K, 43% used [0x00000000c0000000,0x00000000cb2f8e58,0x00000000d9700000)
 Metaspace       used 59489K, committed 60928K, reserved 1114112K
  class space    used 6266K, committed 6912K, reserved 1048576K
}
Event: 29.758 GC heap before
{Heap before GC invocations=314 (full 3):
 PSYoungGen      total 5632K, used 5203K [0x00000000eab00000, 0x00000000eb280000, 0x0000000100000000)
  eden space 4096K, 100% used [0x00000000eab00000,0x00000000eaf00000,0x00000000eaf00000)
  from space 1536K, 72% used [0x00000000eb100000,0x00000000eb214e10,0x00000000eb280000)
  to   space 1536K, 0% used [0x00000000eaf80000,0x00000000eaf80000,0x00000000eb100000)
 ParOldGen       total 416768K, used 183267K [0x00000000c0000000, 0x00000000d9700000, 0x00000000eab00000)
  object space 416768K, 43% used [0x00000000c0000000,0x00000000cb2f8e58,0x00000000d9700000)
 Metaspace       used 59521K, committed 60928K, reserved 1114112K
  class space    used 6268K, committed 6912K, reserved 1048576K
}
Event: 29.760 GC heap after
{Heap after GC invocations=314 (full 3):
 PSYoungGen      total 5120K, used 609K [0x00000000eab00000, 0x00000000eb180000, 0x0000000100000000)
  eden space 4096K, 0% used [0x00000000eab00000,0x00000000eab00000,0x00000000eaf00000)
  from space 1024K, 59% used [0x00000000eaf80000,0x00000000eb018678,0x00000000eb080000)
  to   space 1024K, 0% used [0x00000000eb080000,0x00000000eb080000,0x00000000eb180000)
 ParOldGen       total 416768K, used 183339K [0x00000000c0000000, 0x00000000d9700000, 0x00000000eab00000)
  object space 416768K, 43% used [0x00000000c0000000,0x00000000cb30ae58,0x00000000d9700000)
 Metaspace       used 59521K, committed 60928K, reserved 1114112K
  class space    used 6268K, committed 6912K, reserved 1048576K
}
Event: 29.775 GC heap before
{Heap before GC invocations=315 (full 3):
 PSYoungGen      total 5120K, used 4651K [0x00000000eab00000, 0x00000000eb180000, 0x0000000100000000)
  eden space 4096K, 98% used [0x00000000eab00000,0x00000000eaef2598,0x00000000eaf00000)
  from space 1024K, 59% used [0x00000000eaf80000,0x00000000eb018678,0x00000000eb080000)
  to   space 1024K, 0% used [0x00000000eb080000,0x00000000eb080000,0x00000000eb180000)
 ParOldGen       total 416768K, used 183339K [0x00000000c0000000, 0x00000000d9700000, 0x00000000eab00000)
  object space 416768K, 43% used [0x00000000c0000000,0x00000000cb30ae58,0x00000000d9700000)
 Metaspace       used 59535K, committed 60928K, reserved 1114112K
  class space    used 6271K, committed 6912K, reserved 1048576K
}
Event: 29.778 GC heap after
{Heap after GC invocations=315 (full 3):
 PSYoungGen      total 5120K, used 979K [0x00000000eab00000, 0x00000000eb200000, 0x0000000100000000)
  eden space 4096K, 0% used [0x00000000eab00000,0x00000000eab00000,0x00000000eaf00000)
  from space 1024K, 95% used [0x00000000eb080000,0x00000000eb174ef8,0x00000000eb180000)
  to   space 1536K, 0% used [0x00000000eaf00000,0x00000000eaf00000,0x00000000eb080000)
 ParOldGen       total 416768K, used 183419K [0x00000000c0000000, 0x00000000d9700000, 0x00000000eab00000)
  object space 416768K, 44% used [0x00000000c0000000,0x00000000cb31ee58,0x00000000d9700000)
 Metaspace       used 59535K, committed 60928K, reserved 1114112K
  class space    used 6271K, committed 6912K, reserved 1048576K
}
Event: 29.811 GC heap before
{Heap before GC invocations=316 (full 3):
 PSYoungGen      total 5120K, used 5075K [0x00000000eab00000, 0x00000000eb200000, 0x0000000100000000)
  eden space 4096K, 100% used [0x00000000eab00000,0x00000000eaf00000,0x00000000eaf00000)
  from space 1024K, 95% used [0x00000000eb080000,0x00000000eb174ef8,0x00000000eb180000)
  to   space 1536K, 0% used [0x00000000eaf00000,0x00000000eaf00000,0x00000000eb080000)
 ParOldGen       total 416768K, used 183419K [0x00000000c0000000, 0x00000000d9700000, 0x00000000eab00000)
  object space 416768K, 44% used [0x00000000c0000000,0x00000000cb31ee58,0x00000000d9700000)
 Metaspace       used 59580K, committed 60992K, reserved 1114112K
  class space    used 6276K, committed 6912K, reserved 1048576K
}
Event: 29.814 GC heap after
{Heap after GC invocations=316 (full 3):
 PSYoungGen      total 5120K, used 853K [0x00000000eab00000, 0x00000000eb100000, 0x0000000100000000)
  eden space 4096K, 0% used [0x00000000eab00000,0x00000000eab00000,0x00000000eaf00000)
  from space 1024K, 83% used [0x00000000eaf00000,0x00000000eafd5778,0x00000000eb000000)
  to   space 1024K, 0% used [0x00000000eb000000,0x00000000eb000000,0x00000000eb100000)
 ParOldGen       total 416768K, used 183499K [0x00000000c0000000, 0x00000000d9700000, 0x00000000eab00000)
  object space 416768K, 44% used [0x00000000c0000000,0x00000000cb332e58,0x00000000d9700000)
 Metaspace       used 59580K, committed 60992K, reserved 1114112K
  class space    used 6276K, committed 6912K, reserved 1048576K
}
Event: 29.842 GC heap before
{Heap before GC invocations=317 (full 3):
 PSYoungGen      total 5120K, used 4949K [0x00000000eab00000, 0x00000000eb100000, 0x0000000100000000)
  eden space 4096K, 100% used [0x00000000eab00000,0x00000000eaf00000,0x00000000eaf00000)
  from space 1024K, 83% used [0x00000000eaf00000,0x00000000eafd5778,0x00000000eb000000)
  to   space 1024K, 0% used [0x00000000eb000000,0x00000000eb000000,0x00000000eb100000)
 ParOldGen       total 416768K, used 183499K [0x00000000c0000000, 0x00000000d9700000, 0x00000000eab00000)
  object space 416768K, 44% used [0x00000000c0000000,0x00000000cb332e58,0x00000000d9700000)
 Metaspace       used 59610K, committed 60992K, reserved 1114112K
  class space    used 6276K, committed 6912K, reserved 1048576K
}
Event: 29.844 GC heap after
{Heap after GC invocations=317 (full 3):
 PSYoungGen      total 4608K, used 998K [0x00000000eab00000, 0x00000000eb200000, 0x0000000100000000)
  eden space 3584K, 0% used [0x00000000eab00000,0x00000000eab00000,0x00000000eae80000)
  from space 1024K, 97% used [0x00000000eb000000,0x00000000eb0f9aa8,0x00000000eb100000)
  to   space 1536K, 0% used [0x00000000eae80000,0x00000000eae80000,0x00000000eb000000)
 ParOldGen       total 416768K, used 183595K [0x00000000c0000000, 0x00000000d9700000, 0x00000000eab00000)
  object space 416768K, 44% used [0x00000000c0000000,0x00000000cb34ae58,0x00000000d9700000)
 Metaspace       used 59610K, committed 60992K, reserved 1114112K
  class space    used 6276K, committed 6912K, reserved 1048576K
}
Event: 29.868 GC heap before
{Heap before GC invocations=318 (full 3):
 PSYoungGen      total 4608K, used 4423K [0x00000000eab00000, 0x00000000eb200000, 0x0000000100000000)
  eden space 3584K, 95% used [0x00000000eab00000,0x00000000eae58408,0x00000000eae80000)
  from space 1024K, 97% used [0x00000000eb000000,0x00000000eb0f9aa8,0x00000000eb100000)
  to   space 1536K, 0% used [0x00000000eae80000,0x00000000eae80000,0x00000000eb000000)
 ParOldGen       total 416768K, used 183595K [0x00000000c0000000, 0x00000000d9700000, 0x00000000eab00000)
  object space 416768K, 44% used [0x00000000c0000000,0x00000000cb34ae58,0x00000000d9700000)
 Metaspace       used 59627K, committed 61120K, reserved 1114112K
  class space    used 6276K, committed 6912K, reserved 1048576K
}
Event: 29.870 GC heap after
{Heap after GC invocations=318 (full 3):
 PSYoungGen      total 5120K, used 1110K [0x00000000eab00000, 0x00000000eb180000, 0x0000000100000000)
  eden space 3584K, 0% used [0x00000000eab00000,0x00000000eab00000,0x00000000eae80000)
  from space 1536K, 72% used [0x00000000eae80000,0x00000000eaf95a80,0x00000000eb000000)
  to   space 1536K, 0% used [0x00000000eb000000,0x00000000eb000000,0x00000000eb180000)
 ParOldGen       total 416768K, used 183667K [0x00000000c0000000, 0x00000000d9700000, 0x00000000eab00000)
  object space 416768K, 44% used [0x00000000c0000000,0x00000000cb35ce58,0x00000000d9700000)
 Metaspace       used 59627K, committed 61120K, reserved 1114112K
  class space    used 6276K, committed 6912K, reserved 1048576K
}
Event: 29.886 GC heap before
{Heap before GC invocations=319 (full 3):
 PSYoungGen      total 5120K, used 4694K [0x00000000eab00000, 0x00000000eb180000, 0x0000000100000000)
  eden space 3584K, 100% used [0x00000000eab00000,0x00000000eae80000,0x00000000eae80000)
  from space 1536K, 72% used [0x00000000eae80000,0x00000000eaf95a80,0x00000000eb000000)
  to   space 1536K, 0% used [0x00000000eb000000,0x00000000eb000000,0x00000000eb180000)
 ParOldGen       total 416768K, used 183667K [0x00000000c0000000, 0x00000000d9700000, 0x00000000eab00000)
  object space 416768K, 44% used [0x00000000c0000000,0x00000000cb35ce58,0x00000000d9700000)
 Metaspace       used 59643K, committed 61120K, reserved 1114112K
  class space    used 6277K, committed 6912K, reserved 1048576K
}
Event: 29.888 GC heap after
{Heap after GC invocations=319 (full 3):
 PSYoungGen      total 5120K, used 997K [0x00000000eab00000, 0x00000000eb180000, 0x0000000100000000)
  eden space 3584K, 0% used [0x00000000eab00000,0x00000000eab00000,0x00000000eae80000)
  from space 1536K, 64% used [0x00000000eb000000,0x00000000eb0f9478,0x00000000eb180000)
  to   space 1536K, 0% used [0x00000000eae80000,0x00000000eae80000,0x00000000eb000000)
 ParOldGen       total 416768K, used 183691K [0x00000000c0000000, 0x00000000d9700000, 0x00000000eab00000)
  object space 416768K, 44% used [0x00000000c0000000,0x00000000cb362e58,0x00000000d9700000)
 Metaspace       used 59643K, committed 61120K, reserved 1114112K
  class space    used 6277K, committed 6912K, reserved 1048576K
}
Event: 29.900 GC heap before
{Heap before GC invocations=320 (full 3):
 PSYoungGen      total 5120K, used 4581K [0x00000000eab00000, 0x00000000eb180000, 0x0000000100000000)
  eden space 3584K, 100% used [0x00000000eab00000,0x00000000eae80000,0x00000000eae80000)
  from space 1536K, 64% used [0x00000000eb000000,0x00000000eb0f9478,0x00000000eb180000)
  to   space 1536K, 0% used [0x00000000eae80000,0x00000000eae80000,0x00000000eb000000)
 ParOldGen       total 416768K, used 183691K [0x00000000c0000000, 0x00000000d9700000, 0x00000000eab00000)
  object space 416768K, 44% used [0x00000000c0000000,0x00000000cb362e58,0x00000000d9700000)
 Metaspace       used 59758K, committed 61248K, reserved 1114112K
  class space    used 6282K, committed 6912K, reserved 1048576K
}
Event: 29.902 GC heap after
{Heap after GC invocations=320 (full 3):
 PSYoungGen      total 4608K, used 949K [0x00000000eab00000, 0x00000000eb080000, 0x0000000100000000)
  eden space 3584K, 0% used [0x00000000eab00000,0x00000000eab00000,0x00000000eae80000)
  from space 1024K, 92% used [0x00000000eae80000,0x00000000eaf6d4b0,0x00000000eaf80000)
  to   space 1024K, 0% used [0x00000000eaf80000,0x00000000eaf80000,0x00000000eb080000)
 ParOldGen       total 416768K, used 183723K [0x00000000c0000000, 0x00000000d9700000, 0x00000000eab00000)
  object space 416768K, 44% used [0x00000000c0000000,0x00000000cb36ae58,0x00000000d9700000)
 Metaspace       used 59758K, committed 61248K, reserved 1114112K
  class space    used 6282K, committed 6912K, reserved 1048576K
}
Event: 29.911 GC heap before
{Heap before GC invocations=321 (full 3):
 PSYoungGen      total 4608K, used 4533K [0x00000000eab00000, 0x00000000eb080000, 0x0000000100000000)
  eden space 3584K, 100% used [0x00000000eab00000,0x00000000eae80000,0x00000000eae80000)
  from space 1024K, 92% used [0x00000000eae80000,0x00000000eaf6d4b0,0x00000000eaf80000)
  to   space 1024K, 0% used [0x00000000eaf80000,0x00000000eaf80000,0x00000000eb080000)
 ParOldGen       total 416768K, used 183723K [0x00000000c0000000, 0x00000000d9700000, 0x00000000eab00000)
  object space 416768K, 44% used [0x00000000c0000000,0x00000000cb36ae58,0x00000000d9700000)
 Metaspace       used 59795K, committed 61248K, reserved 1114112K
  class space    used 6286K, committed 6912K, reserved 1048576K
}
Event: 29.913 GC heap after
{Heap after GC invocations=321 (full 3):
 PSYoungGen      total 4608K, used 741K [0x00000000eab00000, 0x00000000eb080000, 0x0000000100000000)
  eden space 3584K, 0% used [0x00000000eab00000,0x00000000eab00000,0x00000000eae80000)
  from space 1024K, 72% used [0x00000000eaf80000,0x00000000eb0394d8,0x00000000eb080000)
  to   space 1024K, 0% used [0x00000000eae80000,0x00000000eae80000,0x00000000eaf80000)
 ParOldGen       total 416768K, used 183787K [0x00000000c0000000, 0x00000000d9700000, 0x00000000eab00000)
  object space 416768K, 44% used [0x00000000c0000000,0x00000000cb37ae68,0x00000000d9700000)
 Metaspace       used 59795K, committed 61248K, reserved 1114112K
  class space    used 6286K, committed 6912K, reserved 1048576K
}
Event: 29.926 GC heap before
{Heap before GC invocations=322 (full 3):
 PSYoungGen      total 4608K, used 4325K [0x00000000eab00000, 0x00000000eb080000, 0x0000000100000000)
  eden space 3584K, 100% used [0x00000000eab00000,0x00000000eae80000,0x00000000eae80000)
  from space 1024K, 72% used [0x00000000eaf80000,0x00000000eb0394d8,0x00000000eb080000)
  to   space 1024K, 0% used [0x00000000eae80000,0x00000000eae80000,0x00000000eaf80000)
 ParOldGen       total 416768K, used 183787K [0x00000000c0000000, 0x00000000d9700000, 0x00000000eab00000)
  object space 416768K, 44% used [0x00000000c0000000,0x00000000cb37ae68,0x00000000d9700000)
 Metaspace       used 59843K, committed 61312K, reserved 1114112K
  class space    used 6294K, committed 6912K, reserved 1048576K
}
Event: 29.928 GC heap after
{Heap after GC invocations=322 (full 3):
 PSYoungGen      total 4608K, used 999K [0x00000000eab00000, 0x00000000eb180000, 0x0000000100000000)
  eden space 3584K, 0% used [0x00000000eab00000,0x00000000eab00000,0x00000000eae80000)
  from space 1024K, 97% used [0x00000000eae80000,0x00000000eaf79e68,0x00000000eaf80000)
  to   space 1536K, 0% used [0x00000000eb000000,0x00000000eb000000,0x00000000eb180000)
 ParOldGen       total 416768K, used 183843K [0x00000000c0000000, 0x00000000d9700000, 0x00000000eab00000)
  object space 416768K, 44% used [0x00000000c0000000,0x00000000cb388e68,0x00000000d9700000)
 Metaspace       used 59843K, committed 61312K, reserved 1114112K
  class space    used 6294K, committed 6912K, reserved 1048576K
}

